\BOOKMARK [0][-]{chapter.1}{Introduction}{}% 1
\BOOKMARK [1][-]{section.1.1}{Motivation}{chapter.1}% 2
\BOOKMARK [1][-]{section.1.2}{Project\040objectives}{chapter.1}% 3
\BOOKMARK [1][-]{section.1.3}{Regulatory\040framework}{chapter.1}% 4
\BOOKMARK [2][-]{subsection.1.3.1}{Social\040and\040economic\040environment}{section.1.3}% 5
\BOOKMARK [2][-]{subsection.1.3.2}{Budget}{section.1.3}% 6
\BOOKMARK [1][-]{section.1.4}{Structure\040of\040the\040document}{chapter.1}% 7
\BOOKMARK [0][-]{chapter.2}{State\040of\040the\040art}{}% 8
\BOOKMARK [1][-]{section.2.1}{eBPF\040history\040-\040Classic\040BPF}{chapter.2}% 9
\BOOKMARK [2][-]{subsection.2.1.1}{Introduction\040to\040the\040BPF\040system}{section.2.1}% 10
\BOOKMARK [2][-]{subsection.2.1.2}{The\040BPF\040virtual\040machine}{section.2.1}% 11
\BOOKMARK [2][-]{subsection.2.1.3}{Analysis\040of\040a\040BPF\040filter\040program}{section.2.1}% 12
\BOOKMARK [2][-]{subsection.2.1.4}{BPF\040bytecode\040instruction\040format}{section.2.1}% 13
\BOOKMARK [2][-]{subsection.2.1.5}{An\040example\040of\040BPF\040filter\040with\040tcpdump}{section.2.1}% 14
\BOOKMARK [1][-]{section.2.2}{Analysis\040of\040modern\040eBPF}{chapter.2}% 15
\BOOKMARK [2][-]{subsection.2.2.1}{eBPF\040instruction\040set}{section.2.2}% 16
\BOOKMARK [2][-]{subsection.2.2.2}{JIT\040compilation}{section.2.2}% 17
\BOOKMARK [2][-]{subsection.2.2.3}{The\040eBPF\040verifier}{section.2.2}% 18
\BOOKMARK [2][-]{subsection.2.2.4}{eBPF\040maps}{section.2.2}% 19
\BOOKMARK [2][-]{subsection.2.2.5}{The\040eBPF\040ring\040buffer}{section.2.2}% 20
\BOOKMARK [2][-]{subsection.2.2.6}{The\040bpf\(\)\040syscall}{section.2.2}% 21
\BOOKMARK [2][-]{subsection.2.2.7}{eBPF\040helpers}{section.2.2}% 22
\BOOKMARK [1][-]{section.2.3}{eBPF\040program\040types}{chapter.2}% 23
\BOOKMARK [2][-]{subsection.2.3.1}{XDP}{section.2.3}% 24
\BOOKMARK [2][-]{subsection.2.3.2}{Traffic\040Control}{section.2.3}% 25
\BOOKMARK [2][-]{subsection.2.3.3}{Tracepoints}{section.2.3}% 26
\BOOKMARK [2][-]{subsection.2.3.4}{Kprobes}{section.2.3}% 27
\BOOKMARK [2][-]{subsection.2.3.5}{Uprobes}{section.2.3}% 28
\BOOKMARK [1][-]{section.2.4}{Developing\040eBPF\040programs}{chapter.2}% 29
\BOOKMARK [2][-]{subsection.2.4.1}{BCC}{section.2.4}% 30
\BOOKMARK [2][-]{subsection.2.4.2}{Bpftool}{section.2.4}% 31
\BOOKMARK [2][-]{subsection.2.4.3}{Libbpf}{section.2.4}% 32
\BOOKMARK [0][-]{chapter.3}{Analysis\040of\040offensive\040capabilities}{}% 33
\BOOKMARK [1][-]{section.3.1}{Security\040features\040in\040eBPF}{chapter.3}% 34
\BOOKMARK [2][-]{subsection.3.1.1}{Access\040control}{section.3.1}% 35
\BOOKMARK [2][-]{subsection.3.1.2}{eBPF\040maps\040security}{section.3.1}% 36
\BOOKMARK [1][-]{section.3.2}{Abusing\040tracing\040programs}{chapter.3}% 37
\BOOKMARK [2][-]{subsection.3.2.1}{Access\040to\040function\040arguments}{section.3.2}% 38
\BOOKMARK [2][-]{subsection.3.2.2}{Reading\040memory\040out\040of\040bounds}{section.3.2}% 39
\BOOKMARK [2][-]{subsection.3.2.3}{Overriding\040function\040return\040values}{section.3.2}% 40
\BOOKMARK [2][-]{subsection.3.2.4}{Sending\040signals\040to\040user\040programs}{section.3.2}% 41
\BOOKMARK [2][-]{subsection.3.2.5}{Conclusion}{section.3.2}% 42
\BOOKMARK [1][-]{section.3.3}{Memory\040corruption}{chapter.3}% 43
\BOOKMARK [2][-]{subsection.3.3.1}{Memory\040management\040in\040Linux}{section.3.3}% 44
\BOOKMARK [2][-]{subsection.3.3.2}{Process\040virtual\040memory}{section.3.3}% 45
\BOOKMARK [2][-]{subsection.3.3.3}{The\040process\040stack}{section.3.3}% 46
\BOOKMARK [2][-]{subsection.3.3.4}{Attacks\040and\040limitations\040of\040bpf_probe_write_user\(\)}{section.3.3}% 47
\BOOKMARK [2][-]{subsection.3.3.5}{Conclusion}{section.3.3}% 48
\BOOKMARK [1][-]{section.3.4}{Abusing\040networking\040programs}{chapter.3}% 49
\BOOKMARK [2][-]{subsection.3.4.1}{An\040overview\040on\040the\040network\040layer}{section.3.4}% 50
\BOOKMARK [2][-]{subsection.3.4.2}{Introduction\040to\040the\040TCP\040protocol}{section.3.4}% 51
\BOOKMARK [2][-]{subsection.3.4.3}{Attacks\040and\040limitations\040of\040networking\040programs}{section.3.4}% 52
\BOOKMARK [2][-]{subsection.3.4.4}{Conclusion}{section.3.4}% 53
\BOOKMARK [0][-]{chapter.4}{Design\040of\040a\040malicious\040eBPF\040rootkit}{}% 54
\BOOKMARK [1][-]{section.4.1}{Library\040injection\040via\040.GOT\040hijacking}{chapter.4}% 55
\BOOKMARK [2][-]{subsection.4.1.1}{Attacks\040at\040the\040stack:\040buffer\040overflow}{section.4.1}% 56
\BOOKMARK [2][-]{subsection.4.1.2}{Return\040oriented\040programming\040with\040eBPF}{section.4.1}% 57
\BOOKMARK [0][-]{chapter.5}{Results}{}% 58
\BOOKMARK [0][-]{chapter.6}{Conclusion\040and\040future\040work}{}% 59
\BOOKMARK [0][-]{chapter.6}{Bibliography}{}% 60
